<?xml version="1.0" encoding="UTF-8"?>
<testng-results ignored="0" total="2" passed="2" failed="0" skipped="0">
  <reporter-output>
    <line>
      <![CDATA[successfully created Admin Module]]>
    </line>
    <line>
      <![CDATA[Successfully created Login Module]]>
    </line>
  </reporter-output>
  <suite started-at="2023-06-15T11:18:44 IST" name="Suite" finished-at="2023-06-15T11:18:44 IST" duration-ms="38">
    <groups>
    </groups>
    <test started-at="2023-06-15T11:18:44 IST" name="Test" finished-at="2023-06-15T11:18:44 IST" duration-ms="38">
      <class name="practice.Login_Module">
        <test-method signature="login()[pri:0, instance:practice.Login_Module@5276e6b0]" started-at="2023-06-15T11:18:44 IST" name="login" finished-at="2023-06-15T11:18:44 IST" duration-ms="0" status="PASS">
          <reporter-output>
            <line>
              <![CDATA[Successfully created Login Module]]>
            </line>
          </reporter-output>
        </test-method> <!-- login -->
      </class> <!-- practice.Login_Module -->
      <class name="practice.Admin_Module">
        <test-method signature="admin()[pri:0, instance:practice.Admin_Module@43301423]" started-at="2023-06-15T11:18:44 IST" name="admin" finished-at="2023-06-15T11:18:44 IST" duration-ms="4" status="PASS">
          <reporter-output>
            <line>
              <![CDATA[successfully created Admin Module]]>
            </line>
          </reporter-output>
        </test-method> <!-- admin -->
      </class> <!-- practice.Admin_Module -->
    </test> <!-- Test -->
  </suite> <!-- Suite -->
</testng-results>
